<?xml version="1.0" encoding="UTF-8" ?>
<testsuite failures="0" time="8.722" errors="6" skipped="0" tests="7" name="com.quanti.webapp.action.UserActionTest">
  <properties>
[...]
</properties>
  <testcase time="7.488" classname="com.quanti.webapp.action.UserActionTest" name="testSave">
    <error message="could not execute query; SQL [select user0_.id as id0_, user0_.account_expired as account2_0_, user0_.account_locked as account3_0_, user0_.address as address0_, user0_.city as city0_, user0_.country as country0_, user0_.postal_code as postal7_0_, user0_.province as province0_, user0_.credentials_expired as credenti9_0_, user0_.email as email0_, user0_.account_enabled as account11_0_, user0_.first_name as first12_0_, user0_.last_name as last13_0_, user0_.password as password0_, user0_.password_hint as password15_0_, user0_.phone_number as phone16_0_, user0_.username as username0_, user0_.version as version0_, user0_.website as website0_ from app_user user0_ where user0_.username=?]; nested exception is org.hibernate.exception.SQLGrammarException: could not execute query" type="org.springframework.dao.InvalidDataAccessResourceUsageException">org.springframework.dao.InvalidDataAccessResourceUsageException: could not execute query; SQL [select user0_.id as id0_, user0_.account_expired as account2_0_, user0_.account_locked as account3_0_, user0_.address as address0_, user0_.city as city0_, user0_.country as country0_, user0_.postal_code as postal7_0_, user0_.province as province0_, user0_.credentials_expired as credenti9_0_, user0_.email as email0_, user0_.account_enabled as account11_0_, user0_.first_name as first12_0_, user0_.last_name as last13_0_, user0_.password as password0_, user0_.password_hint as password15_0_, user0_.phone_number as phone16_0_, user0_.username as username0_, user0_.version as version0_, user0_.website as website0_ from app_user user0_ where user0_.username=?]; nested exception is org.hibernate.exception.SQLGrammarException: could not execute query
	at org.springframework.orm.hibernate3.SessionFactoryUtils.convertHibernateAccessException(SessionFactoryUtils.java:629)
	at org.springframework.orm.hibernate3.HibernateAccessor.convertHibernateAccessException(HibernateAccessor.java:412)
	at org.springframework.orm.hibernate3.HibernateTemplate.doExecute(HibernateTemplate.java:411)
	at org.springframework.orm.hibernate3.HibernateTemplate.executeWithNativeSession(HibernateTemplate.java:374)
	at org.springframework.orm.hibernate3.HibernateTemplate.find(HibernateTemplate.java:912)
	at org.springframework.orm.hibernate3.HibernateTemplate.find(HibernateTemplate.java:908)
	at com.quanti.dao.hibernate.UserDaoHibernate.loadUserByUsername(UserDaoHibernate.java:75)
	at sun.reflect.NativeMethodAccessorImpl.invoke0(Native Method)
	at sun.reflect.NativeMethodAccessorImpl.invoke(NativeMethodAccessorImpl.java:39)
	at sun.reflect.DelegatingMethodAccessorImpl.invoke(DelegatingMethodAccessorImpl.java:25)
	at java.lang.reflect.Method.invoke(Method.java:597)
	at org.springframework.aop.support.AopUtils.invokeJoinpointUsingReflection(AopUtils.java:309)
	at org.springframework.aop.framework.ReflectiveMethodInvocation.invokeJoinpoint(ReflectiveMethodInvocation.java:183)
	at org.springframework.aop.framework.ReflectiveMethodInvocation.proceed(ReflectiveMethodInvocation.java:150)
	at org.springframework.dao.support.PersistenceExceptionTranslationInterceptor.invoke(PersistenceExceptionTranslationInterceptor.java:155)
	at org.springframework.aop.framework.ReflectiveMethodInvocation.proceed(ReflectiveMethodInvocation.java:172)
	at org.springframework.transaction.interceptor.TransactionInterceptor.invoke(TransactionInterceptor.java:110)
	at org.springframework.aop.framework.ReflectiveMethodInvocation.proceed(ReflectiveMethodInvocation.java:172)
	at org.springframework.aop.framework.JdkDynamicAopProxy.invoke(JdkDynamicAopProxy.java:202)
	at $Proxy44.loadUserByUsername(Unknown Source)
	at com.quanti.service.impl.UserManagerImpl.getUserByUsername(UserManagerImpl.java:121)
	at sun.reflect.NativeMethodAccessorImpl.invoke0(Native Method)
	at sun.reflect.NativeMethodAccessorImpl.invoke(NativeMethodAccessorImpl.java:39)
	at sun.reflect.DelegatingMethodAccessorImpl.invoke(DelegatingMethodAccessorImpl.java:25)
	at java.lang.reflect.Method.invoke(Method.java:597)
	at org.springframework.aop.support.AopUtils.invokeJoinpointUsingReflection(AopUtils.java:309)
	at org.springframework.aop.framework.ReflectiveMethodInvocation.invokeJoinpoint(ReflectiveMethodInvocation.java:183)
	at org.springframework.aop.framework.ReflectiveMethodInvocation.proceed(ReflectiveMethodInvocation.java:150)
	at org.springframework.transaction.interceptor.TransactionInterceptor.invoke(TransactionInterceptor.java:110)
	at org.springframework.aop.framework.ReflectiveMethodInvocation.proceed(ReflectiveMethodInvocation.java:172)
	at org.springframework.transaction.interceptor.TransactionInterceptor.invoke(TransactionInterceptor.java:110)
	at org.springframework.aop.framework.ReflectiveMethodInvocation.proceed(ReflectiveMethodInvocation.java:172)
	at org.springframework.aop.interceptor.ExposeInvocationInterceptor.invoke(ExposeInvocationInterceptor.java:89)
	at org.springframework.aop.framework.ReflectiveMethodInvocation.proceed(ReflectiveMethodInvocation.java:172)
	at org.springframework.aop.framework.JdkDynamicAopProxy.invoke(JdkDynamicAopProxy.java:202)
	at $Proxy48.getUserByUsername(Unknown Source)
	at com.quanti.webapp.action.UserActionTest.testSave(UserActionTest.java:45)
	at sun.reflect.NativeMethodAccessorImpl.invoke0(Native Method)
	at sun.reflect.NativeMethodAccessorImpl.invoke(NativeMethodAccessorImpl.java:39)
	at sun.reflect.DelegatingMethodAccessorImpl.invoke(DelegatingMethodAccessorImpl.java:25)
	at java.lang.reflect.Method.invoke(Method.java:597)
	at org.junit.runners.model.FrameworkMethod$1.runReflectiveCall(FrameworkMethod.java:44)
	at org.junit.internal.runners.model.ReflectiveCallable.run(ReflectiveCallable.java:15)
	at org.junit.runners.model.FrameworkMethod.invokeExplosively(FrameworkMethod.java:41)
	at org.junit.internal.runners.statements.InvokeMethod.evaluate(InvokeMethod.java:20)
	at org.junit.internal.runners.statements.RunBefores.evaluate(RunBefores.java:28)
	at org.springframework.test.context.junit4.statements.RunBeforeTestMethodCallbacks.evaluate(RunBeforeTestMethodCallbacks.java:74)
	at org.junit.internal.runners.statements.RunAfters.evaluate(RunAfters.java:31)
	at org.springframework.test.context.junit4.statements.RunAfterTestMethodCallbacks.evaluate(RunAfterTestMethodCallbacks.java:82)
	at org.springframework.test.context.junit4.statements.SpringRepeat.evaluate(SpringRepeat.java:72)
	at org.springframework.test.context.junit4.SpringJUnit4ClassRunner.runChild(SpringJUnit4ClassRunner.java:240)
	at org.junit.runners.BlockJUnit4ClassRunner.runChild(BlockJUnit4ClassRunner.java:46)
	at org.junit.runners.ParentRunner.runChildren(ParentRunner.java:180)
	at org.junit.runners.ParentRunner.access$000(ParentRunner.java:41)
	at org.junit.runners.ParentRunner$1.evaluate(ParentRunner.java:173)
	at org.junit.internal.runners.statements.RunBefores.evaluate(RunBefores.java:28)
	at org.springframework.test.context.junit4.statements.RunBeforeTestClassCallbacks.evaluate(RunBeforeTestClassCallbacks.java:61)
	at org.junit.internal.runners.statements.RunAfters.evaluate(RunAfters.java:31)
	at org.springframework.test.context.junit4.statements.RunAfterTestClassCallbacks.evaluate(RunAfterTestClassCallbacks.java:70)
	at org.junit.runners.ParentRunner.run(ParentRunner.java:220)
	at org.springframework.test.context.junit4.SpringJUnit4ClassRunner.run(SpringJUnit4ClassRunner.java:180)
	at org.apache.maven.surefire.junit4.JUnit4TestSet.execute(JUnit4TestSet.java:62)
	at org.apache.maven.surefire.suite.AbstractDirectoryTestSuite.executeTestSet(AbstractDirectoryTestSuite.java:140)
	at org.apache.maven.surefire.suite.AbstractDirectoryTestSuite.execute(AbstractDirectoryTestSuite.java:127)
	at org.apache.maven.surefire.Surefire.run(Surefire.java:177)
	at sun.reflect.NativeMethodAccessorImpl.invoke0(Native Method)
	at sun.reflect.NativeMethodAccessorImpl.invoke(NativeMethodAccessorImpl.java:39)
	at sun.reflect.DelegatingMethodAccessorImpl.invoke(DelegatingMethodAccessorImpl.java:25)
	at java.lang.reflect.Method.invoke(Method.java:597)
	at org.apache.maven.surefire.booter.SurefireBooter.runSuitesInProcess(SurefireBooter.java:345)
	at org.apache.maven.surefire.booter.SurefireBooter.main(SurefireBooter.java:1009)
Caused by: org.hibernate.exception.SQLGrammarException: could not execute query
	at org.hibernate.exception.SQLStateConverter.convert(SQLStateConverter.java:92)
	at org.hibernate.exception.JDBCExceptionHelper.convert(JDBCExceptionHelper.java:66)
	at org.hibernate.loader.Loader.doList(Loader.java:2536)
	at org.hibernate.loader.Loader.listIgnoreQueryCache(Loader.java:2276)
	at org.hibernate.loader.Loader.list(Loader.java:2271)
	at org.hibernate.loader.hql.QueryLoader.list(QueryLoader.java:452)
	at org.hibernate.hql.ast.QueryTranslatorImpl.list(QueryTranslatorImpl.java:363)
	at org.hibernate.engine.query.HQLQueryPlan.performList(HQLQueryPlan.java:196)
	at org.hibernate.impl.SessionImpl.list(SessionImpl.java:1268)
	at org.hibernate.impl.QueryImpl.list(QueryImpl.java:102)
	at org.springframework.orm.hibernate3.HibernateTemplate$30.doInHibernate(HibernateTemplate.java:921)
	at org.springframework.orm.hibernate3.HibernateTemplate$30.doInHibernate(HibernateTemplate.java:1)
	at org.springframework.orm.hibernate3.HibernateTemplate.doExecute(HibernateTemplate.java:406)
	... 68 more
Caused by: com.mysql.jdbc.exceptions.jdbc4.MySQLSyntaxErrorException: Table &apos;quanti.app_user&apos; doesn&apos;t exist
	at sun.reflect.NativeConstructorAccessorImpl.newInstance0(Native Method)
	at sun.reflect.NativeConstructorAccessorImpl.newInstance(NativeConstructorAccessorImpl.java:39)
	at sun.reflect.DelegatingConstructorAccessorImpl.newInstance(DelegatingConstructorAccessorImpl.java:27)
	at java.lang.reflect.Constructor.newInstance(Constructor.java:513)
	at com.mysql.jdbc.Util.handleNewInstance(Util.java:407)
	at com.mysql.jdbc.Util.getInstance(Util.java:382)
	at com.mysql.jdbc.SQLError.createSQLException(SQLError.java:1052)
	at com.mysql.jdbc.MysqlIO.checkErrorPacket(MysqlIO.java:3593)
	at com.mysql.jdbc.MysqlIO.checkErrorPacket(MysqlIO.java:3525)
	at com.mysql.jdbc.MysqlIO.sendCommand(MysqlIO.java:1986)
	at com.mysql.jdbc.MysqlIO.sqlQueryDirect(MysqlIO.java:2140)
	at com.mysql.jdbc.ConnectionImpl.execSQL(ConnectionImpl.java:2626)
	at com.mysql.jdbc.PreparedStatement.executeInternal(PreparedStatement.java:2111)
	at com.mysql.jdbc.PreparedStatement.executeQuery(PreparedStatement.java:2273)
	at org.apache.commons.dbcp.DelegatingPreparedStatement.executeQuery(DelegatingPreparedStatement.java:96)
	at org.apache.commons.dbcp.DelegatingPreparedStatement.executeQuery(DelegatingPreparedStatement.java:96)
	at org.apache.commons.dbcp.DelegatingPreparedStatement.executeQuery(DelegatingPreparedStatement.java:96)
	at org.hibernate.jdbc.AbstractBatcher.getResultSet(AbstractBatcher.java:208)
	at org.hibernate.loader.Loader.getResultSet(Loader.java:1953)
	at org.hibernate.loader.Loader.doQuery(Loader.java:802)
	at org.hibernate.loader.Loader.doQueryAndInitializeNonLazyCollections(Loader.java:274)
	at org.hibernate.loader.Loader.doList(Loader.java:2533)
	... 78 more
</error>
  </testcase>
  <testcase time="0.02" classname="com.quanti.webapp.action.UserActionTest" name="testCancel"/>
  <testcase time="0.063" classname="com.quanti.webapp.action.UserActionTest" name="testEdit">
    <error message="could not load an entity: [com.quanti.model.app.User#-1]; SQL [select user0_.id as id0_1_, user0_.account_expired as account2_0_1_, user0_.account_locked as account3_0_1_, user0_.address as address0_1_, user0_.city as city0_1_, user0_.country as country0_1_, user0_.postal_code as postal7_0_1_, user0_.province as province0_1_, user0_.credentials_expired as credenti9_0_1_, user0_.email as email0_1_, user0_.account_enabled as account11_0_1_, user0_.first_name as first12_0_1_, user0_.last_name as last13_0_1_, user0_.password as password0_1_, user0_.password_hint as password15_0_1_, user0_.phone_number as phone16_0_1_, user0_.username as username0_1_, user0_.version as version0_1_, user0_.website as website0_1_, roles1_.user_id as user1_0_3_, role2_.id as role2_3_, role2_.id as id1_0_, role2_.description as descript2_1_0_, role2_.name as name1_0_ from app_user user0_ left outer join user_role roles1_ on user0_.id=roles1_.user_id left outer join role role2_ on roles1_.role_id=role2_.id where user0_.id=?]; nested exception is org.hibernate.exception.SQLGrammarException: could not load an entity: [com.quanti.model.app.User#-1]" type="org.springframework.dao.InvalidDataAccessResourceUsageException">org.springframework.dao.InvalidDataAccessResourceUsageException: could not load an entity: [com.quanti.model.app.User#-1]; SQL [select user0_.id as id0_1_, user0_.account_expired as account2_0_1_, user0_.account_locked as account3_0_1_, user0_.address as address0_1_, user0_.city as city0_1_, user0_.country as country0_1_, user0_.postal_code as postal7_0_1_, user0_.province as province0_1_, user0_.credentials_expired as credenti9_0_1_, user0_.email as email0_1_, user0_.account_enabled as account11_0_1_, user0_.first_name as first12_0_1_, user0_.last_name as last13_0_1_, user0_.password as password0_1_, user0_.password_hint as password15_0_1_, user0_.phone_number as phone16_0_1_, user0_.username as username0_1_, user0_.version as version0_1_, user0_.website as website0_1_, roles1_.user_id as user1_0_3_, role2_.id as role2_3_, role2_.id as id1_0_, role2_.description as descript2_1_0_, role2_.name as name1_0_ from app_user user0_ left outer join user_role roles1_ on user0_.id=roles1_.user_id left outer join role role2_ on roles1_.role_id=role2_.id where user0_.id=?]; nested exception is org.hibernate.exception.SQLGrammarException: could not load an entity: [com.quanti.model.app.User#-1]
	at org.springframework.orm.hibernate3.SessionFactoryUtils.convertHibernateAccessException(SessionFactoryUtils.java:629)
	at org.springframework.orm.hibernate3.HibernateAccessor.convertHibernateAccessException(HibernateAccessor.java:412)
	at org.springframework.orm.hibernate3.HibernateTemplate.doExecute(HibernateTemplate.java:411)
	at org.springframework.orm.hibernate3.HibernateTemplate.executeWithNativeSession(HibernateTemplate.java:374)
	at org.springframework.orm.hibernate3.HibernateTemplate.get(HibernateTemplate.java:512)
	at org.springframework.orm.hibernate3.HibernateTemplate.get(HibernateTemplate.java:506)
	at com.quanti.dao.hibernate.GenericDaoHibernate.get(GenericDaoHibernate.java:103)
	at sun.reflect.NativeMethodAccessorImpl.invoke0(Native Method)
	at sun.reflect.NativeMethodAccessorImpl.invoke(NativeMethodAccessorImpl.java:39)
	at sun.reflect.DelegatingMethodAccessorImpl.invoke(DelegatingMethodAccessorImpl.java:25)
	at java.lang.reflect.Method.invoke(Method.java:597)
	at org.springframework.aop.support.AopUtils.invokeJoinpointUsingReflection(AopUtils.java:309)
	at org.springframework.aop.framework.ReflectiveMethodInvocation.invokeJoinpoint(ReflectiveMethodInvocation.java:183)
	at org.springframework.aop.framework.ReflectiveMethodInvocation.proceed(ReflectiveMethodInvocation.java:150)
	at org.springframework.dao.support.PersistenceExceptionTranslationInterceptor.invoke(PersistenceExceptionTranslationInterceptor.java:155)
	at org.springframework.aop.framework.ReflectiveMethodInvocation.proceed(ReflectiveMethodInvocation.java:172)
	at org.springframework.aop.framework.JdkDynamicAopProxy.invoke(JdkDynamicAopProxy.java:202)
	at $Proxy44.get(Unknown Source)
	at com.quanti.service.impl.UserManagerImpl.getUser(UserManagerImpl.java:45)
	at sun.reflect.NativeMethodAccessorImpl.invoke0(Native Method)
	at sun.reflect.NativeMethodAccessorImpl.invoke(NativeMethodAccessorImpl.java:39)
	at sun.reflect.DelegatingMethodAccessorImpl.invoke(DelegatingMethodAccessorImpl.java:25)
	at java.lang.reflect.Method.invoke(Method.java:597)
	at org.springframework.aop.support.AopUtils.invokeJoinpointUsingReflection(AopUtils.java:309)
	at org.springframework.aop.framework.ReflectiveMethodInvocation.invokeJoinpoint(ReflectiveMethodInvocation.java:183)
	at org.springframework.aop.framework.ReflectiveMethodInvocation.proceed(ReflectiveMethodInvocation.java:150)
	at org.springframework.transaction.interceptor.TransactionInterceptor.invoke(TransactionInterceptor.java:110)
	at org.springframework.aop.framework.ReflectiveMethodInvocation.proceed(ReflectiveMethodInvocation.java:172)
	at org.springframework.transaction.interceptor.TransactionInterceptor.invoke(TransactionInterceptor.java:110)
	at org.springframework.aop.framework.ReflectiveMethodInvocation.proceed(ReflectiveMethodInvocation.java:172)
	at org.springframework.aop.interceptor.ExposeInvocationInterceptor.invoke(ExposeInvocationInterceptor.java:89)
	at org.springframework.aop.framework.ReflectiveMethodInvocation.proceed(ReflectiveMethodInvocation.java:172)
	at org.springframework.aop.framework.JdkDynamicAopProxy.invoke(JdkDynamicAopProxy.java:202)
	at $Proxy48.getUser(Unknown Source)
	at com.quanti.webapp.action.UserAction.edit(UserAction.java:104)
	at com.quanti.webapp.action.UserActionTest.testEdit(UserActionTest.java:37)
	at sun.reflect.NativeMethodAccessorImpl.invoke0(Native Method)
	at sun.reflect.NativeMethodAccessorImpl.invoke(NativeMethodAccessorImpl.java:39)
	at sun.reflect.DelegatingMethodAccessorImpl.invoke(DelegatingMethodAccessorImpl.java:25)
	at java.lang.reflect.Method.invoke(Method.java:597)
	at org.junit.runners.model.FrameworkMethod$1.runReflectiveCall(FrameworkMethod.java:44)
	at org.junit.internal.runners.model.ReflectiveCallable.run(ReflectiveCallable.java:15)
	at org.junit.runners.model.FrameworkMethod.invokeExplosively(FrameworkMethod.java:41)
	at org.junit.internal.runners.statements.InvokeMethod.evaluate(InvokeMethod.java:20)
	at org.junit.internal.runners.statements.RunBefores.evaluate(RunBefores.java:28)
	at org.springframework.test.context.junit4.statements.RunBeforeTestMethodCallbacks.evaluate(RunBeforeTestMethodCallbacks.java:74)
	at org.junit.internal.runners.statements.RunAfters.evaluate(RunAfters.java:31)
	at org.springframework.test.context.junit4.statements.RunAfterTestMethodCallbacks.evaluate(RunAfterTestMethodCallbacks.java:82)
	at org.springframework.test.context.junit4.statements.SpringRepeat.evaluate(SpringRepeat.java:72)
	at org.springframework.test.context.junit4.SpringJUnit4ClassRunner.runChild(SpringJUnit4ClassRunner.java:240)
	at org.junit.runners.BlockJUnit4ClassRunner.runChild(BlockJUnit4ClassRunner.java:46)
	at org.junit.runners.ParentRunner.runChildren(ParentRunner.java:180)
	at org.junit.runners.ParentRunner.access$000(ParentRunner.java:41)
	at org.junit.runners.ParentRunner$1.evaluate(ParentRunner.java:173)
	at org.junit.internal.runners.statements.RunBefores.evaluate(RunBefores.java:28)
	at org.springframework.test.context.junit4.statements.RunBeforeTestClassCallbacks.evaluate(RunBeforeTestClassCallbacks.java:61)
	at org.junit.internal.runners.statements.RunAfters.evaluate(RunAfters.java:31)
	at org.springframework.test.context.junit4.statements.RunAfterTestClassCallbacks.evaluate(RunAfterTestClassCallbacks.java:70)
	at org.junit.runners.ParentRunner.run(ParentRunner.java:220)
	at org.springframework.test.context.junit4.SpringJUnit4ClassRunner.run(SpringJUnit4ClassRunner.java:180)
	at org.apache.maven.surefire.junit4.JUnit4TestSet.execute(JUnit4TestSet.java:62)
	at org.apache.maven.surefire.suite.AbstractDirectoryTestSuite.executeTestSet(AbstractDirectoryTestSuite.java:140)
	at org.apache.maven.surefire.suite.AbstractDirectoryTestSuite.execute(AbstractDirectoryTestSuite.java:127)
	at org.apache.maven.surefire.Surefire.run(Surefire.java:177)
	at sun.reflect.NativeMethodAccessorImpl.invoke0(Native Method)
	at sun.reflect.NativeMethodAccessorImpl.invoke(NativeMethodAccessorImpl.java:39)
	at sun.reflect.DelegatingMethodAccessorImpl.invoke(DelegatingMethodAccessorImpl.java:25)
	at java.lang.reflect.Method.invoke(Method.java:597)
	at org.apache.maven.surefire.booter.SurefireBooter.runSuitesInProcess(SurefireBooter.java:345)
	at org.apache.maven.surefire.booter.SurefireBooter.main(SurefireBooter.java:1009)
Caused by: org.hibernate.exception.SQLGrammarException: could not load an entity: [com.quanti.model.app.User#-1]
	at org.hibernate.exception.SQLStateConverter.convert(SQLStateConverter.java:92)
	at org.hibernate.exception.JDBCExceptionHelper.convert(JDBCExceptionHelper.java:66)
	at org.hibernate.loader.Loader.loadEntity(Loader.java:2041)
	at org.hibernate.loader.entity.AbstractEntityLoader.load(AbstractEntityLoader.java:86)
	at org.hibernate.loader.entity.AbstractEntityLoader.load(AbstractEntityLoader.java:76)
	at org.hibernate.persister.entity.AbstractEntityPersister.load(AbstractEntityPersister.java:3293)
	at org.hibernate.event.def.DefaultLoadEventListener.loadFromDatasource(DefaultLoadEventListener.java:496)
	at org.hibernate.event.def.DefaultLoadEventListener.doLoad(DefaultLoadEventListener.java:477)
	at org.hibernate.event.def.DefaultLoadEventListener.load(DefaultLoadEventListener.java:227)
	at org.hibernate.event.def.DefaultLoadEventListener.proxyOrLoad(DefaultLoadEventListener.java:285)
	at org.hibernate.event.def.DefaultLoadEventListener.onLoad(DefaultLoadEventListener.java:152)
	at org.hibernate.impl.SessionImpl.fireLoad(SessionImpl.java:1090)
	at org.hibernate.impl.SessionImpl.get(SessionImpl.java:1005)
	at org.hibernate.impl.SessionImpl.get(SessionImpl.java:998)
	at org.springframework.orm.hibernate3.HibernateTemplate$1.doInHibernate(HibernateTemplate.java:519)
	at org.springframework.orm.hibernate3.HibernateTemplate.doExecute(HibernateTemplate.java:406)
	... 67 more
Caused by: com.mysql.jdbc.exceptions.jdbc4.MySQLSyntaxErrorException: Table &apos;quanti.app_user&apos; doesn&apos;t exist
	at sun.reflect.NativeConstructorAccessorImpl.newInstance0(Native Method)
	at sun.reflect.NativeConstructorAccessorImpl.newInstance(NativeConstructorAccessorImpl.java:39)
	at sun.reflect.DelegatingConstructorAccessorImpl.newInstance(DelegatingConstructorAccessorImpl.java:27)
	at java.lang.reflect.Constructor.newInstance(Constructor.java:513)
	at com.mysql.jdbc.Util.handleNewInstance(Util.java:407)
	at com.mysql.jdbc.Util.getInstance(Util.java:382)
	at com.mysql.jdbc.SQLError.createSQLException(SQLError.java:1052)
	at com.mysql.jdbc.MysqlIO.checkErrorPacket(MysqlIO.java:3593)
	at com.mysql.jdbc.MysqlIO.checkErrorPacket(MysqlIO.java:3525)
	at com.mysql.jdbc.MysqlIO.sendCommand(MysqlIO.java:1986)
	at com.mysql.jdbc.MysqlIO.sqlQueryDirect(MysqlIO.java:2140)
	at com.mysql.jdbc.ConnectionImpl.execSQL(ConnectionImpl.java:2626)
	at com.mysql.jdbc.PreparedStatement.executeInternal(PreparedStatement.java:2111)
	at com.mysql.jdbc.PreparedStatement.executeQuery(PreparedStatement.java:2273)
	at org.apache.commons.dbcp.DelegatingPreparedStatement.executeQuery(DelegatingPreparedStatement.java:96)
	at org.apache.commons.dbcp.DelegatingPreparedStatement.executeQuery(DelegatingPreparedStatement.java:96)
	at org.apache.commons.dbcp.DelegatingPreparedStatement.executeQuery(DelegatingPreparedStatement.java:96)
	at org.hibernate.jdbc.AbstractBatcher.getResultSet(AbstractBatcher.java:208)
	at org.hibernate.loader.Loader.getResultSet(Loader.java:1953)
	at org.hibernate.loader.Loader.doQuery(Loader.java:802)
	at org.hibernate.loader.Loader.doQueryAndInitializeNonLazyCollections(Loader.java:274)
	at org.hibernate.loader.Loader.loadEntity(Loader.java:2037)
	... 80 more
</error>
  </testcase>
  <testcase time="0.041" classname="com.quanti.webapp.action.UserActionTest" name="testSaveConflictingUser">
    <error message="could not execute query; SQL [select user0_.id as id0_, user0_.account_expired as account2_0_, user0_.account_locked as account3_0_, user0_.address as address0_, user0_.city as city0_, user0_.country as country0_, user0_.postal_code as postal7_0_, user0_.province as province0_, user0_.credentials_expired as credenti9_0_, user0_.email as email0_, user0_.account_enabled as account11_0_, user0_.first_name as first12_0_, user0_.last_name as last13_0_, user0_.password as password0_, user0_.password_hint as password15_0_, user0_.phone_number as phone16_0_, user0_.username as username0_, user0_.version as version0_, user0_.website as website0_ from app_user user0_ where user0_.username=?]; nested exception is org.hibernate.exception.SQLGrammarException: could not execute query" type="org.springframework.dao.InvalidDataAccessResourceUsageException">org.springframework.dao.InvalidDataAccessResourceUsageException: could not execute query; SQL [select user0_.id as id0_, user0_.account_expired as account2_0_, user0_.account_locked as account3_0_, user0_.address as address0_, user0_.city as city0_, user0_.country as country0_, user0_.postal_code as postal7_0_, user0_.province as province0_, user0_.credentials_expired as credenti9_0_, user0_.email as email0_, user0_.account_enabled as account11_0_, user0_.first_name as first12_0_, user0_.last_name as last13_0_, user0_.password as password0_, user0_.password_hint as password15_0_, user0_.phone_number as phone16_0_, user0_.username as username0_, user0_.version as version0_, user0_.website as website0_ from app_user user0_ where user0_.username=?]; nested exception is org.hibernate.exception.SQLGrammarException: could not execute query
	at org.springframework.orm.hibernate3.SessionFactoryUtils.convertHibernateAccessException(SessionFactoryUtils.java:629)
	at org.springframework.orm.hibernate3.HibernateAccessor.convertHibernateAccessException(HibernateAccessor.java:412)
	at org.springframework.orm.hibernate3.HibernateTemplate.doExecute(HibernateTemplate.java:411)
	at org.springframework.orm.hibernate3.HibernateTemplate.executeWithNativeSession(HibernateTemplate.java:374)
	at org.springframework.orm.hibernate3.HibernateTemplate.find(HibernateTemplate.java:912)
	at org.springframework.orm.hibernate3.HibernateTemplate.find(HibernateTemplate.java:908)
	at com.quanti.dao.hibernate.UserDaoHibernate.loadUserByUsername(UserDaoHibernate.java:75)
	at sun.reflect.NativeMethodAccessorImpl.invoke0(Native Method)
	at sun.reflect.NativeMethodAccessorImpl.invoke(NativeMethodAccessorImpl.java:39)
	at sun.reflect.DelegatingMethodAccessorImpl.invoke(DelegatingMethodAccessorImpl.java:25)
	at java.lang.reflect.Method.invoke(Method.java:597)
	at org.springframework.aop.support.AopUtils.invokeJoinpointUsingReflection(AopUtils.java:309)
	at org.springframework.aop.framework.ReflectiveMethodInvocation.invokeJoinpoint(ReflectiveMethodInvocation.java:183)
	at org.springframework.aop.framework.ReflectiveMethodInvocation.proceed(ReflectiveMethodInvocation.java:150)
	at org.springframework.dao.support.PersistenceExceptionTranslationInterceptor.invoke(PersistenceExceptionTranslationInterceptor.java:155)
	at org.springframework.aop.framework.ReflectiveMethodInvocation.proceed(ReflectiveMethodInvocation.java:172)
	at org.springframework.transaction.interceptor.TransactionInterceptor.invoke(TransactionInterceptor.java:110)
	at org.springframework.aop.framework.ReflectiveMethodInvocation.proceed(ReflectiveMethodInvocation.java:172)
	at org.springframework.aop.framework.JdkDynamicAopProxy.invoke(JdkDynamicAopProxy.java:202)
	at $Proxy44.loadUserByUsername(Unknown Source)
	at com.quanti.service.impl.UserManagerImpl.getUserByUsername(UserManagerImpl.java:121)
	at sun.reflect.NativeMethodAccessorImpl.invoke0(Native Method)
	at sun.reflect.NativeMethodAccessorImpl.invoke(NativeMethodAccessorImpl.java:39)
	at sun.reflect.DelegatingMethodAccessorImpl.invoke(DelegatingMethodAccessorImpl.java:25)
	at java.lang.reflect.Method.invoke(Method.java:597)
	at org.springframework.aop.support.AopUtils.invokeJoinpointUsingReflection(AopUtils.java:309)
	at org.springframework.aop.framework.ReflectiveMethodInvocation.invokeJoinpoint(ReflectiveMethodInvocation.java:183)
	at org.springframework.aop.framework.ReflectiveMethodInvocation.proceed(ReflectiveMethodInvocation.java:150)
	at org.springframework.transaction.interceptor.TransactionInterceptor.invoke(TransactionInterceptor.java:110)
	at org.springframework.aop.framework.ReflectiveMethodInvocation.proceed(ReflectiveMethodInvocation.java:172)
	at org.springframework.transaction.interceptor.TransactionInterceptor.invoke(TransactionInterceptor.java:110)
	at org.springframework.aop.framework.ReflectiveMethodInvocation.proceed(ReflectiveMethodInvocation.java:172)
	at org.springframework.aop.interceptor.ExposeInvocationInterceptor.invoke(ExposeInvocationInterceptor.java:89)
	at org.springframework.aop.framework.ReflectiveMethodInvocation.proceed(ReflectiveMethodInvocation.java:172)
	at org.springframework.aop.framework.JdkDynamicAopProxy.invoke(JdkDynamicAopProxy.java:202)
	at $Proxy48.getUserByUsername(Unknown Source)
	at com.quanti.webapp.action.UserActionTest.testSaveConflictingUser(UserActionTest.java:63)
	at sun.reflect.NativeMethodAccessorImpl.invoke0(Native Method)
	at sun.reflect.NativeMethodAccessorImpl.invoke(NativeMethodAccessorImpl.java:39)
	at sun.reflect.DelegatingMethodAccessorImpl.invoke(DelegatingMethodAccessorImpl.java:25)
	at java.lang.reflect.Method.invoke(Method.java:597)
	at org.junit.runners.model.FrameworkMethod$1.runReflectiveCall(FrameworkMethod.java:44)
	at org.junit.internal.runners.model.ReflectiveCallable.run(ReflectiveCallable.java:15)
	at org.junit.runners.model.FrameworkMethod.invokeExplosively(FrameworkMethod.java:41)
	at org.junit.internal.runners.statements.InvokeMethod.evaluate(InvokeMethod.java:20)
	at org.junit.internal.runners.statements.RunBefores.evaluate(RunBefores.java:28)
	at org.springframework.test.context.junit4.statements.RunBeforeTestMethodCallbacks.evaluate(RunBeforeTestMethodCallbacks.java:74)
	at org.junit.internal.runners.statements.RunAfters.evaluate(RunAfters.java:31)
	at org.springframework.test.context.junit4.statements.RunAfterTestMethodCallbacks.evaluate(RunAfterTestMethodCallbacks.java:82)
	at org.springframework.test.context.junit4.statements.SpringRepeat.evaluate(SpringRepeat.java:72)
	at org.springframework.test.context.junit4.SpringJUnit4ClassRunner.runChild(SpringJUnit4ClassRunner.java:240)
	at org.junit.runners.BlockJUnit4ClassRunner.runChild(BlockJUnit4ClassRunner.java:46)
	at org.junit.runners.ParentRunner.runChildren(ParentRunner.java:180)
	at org.junit.runners.ParentRunner.access$000(ParentRunner.java:41)
	at org.junit.runners.ParentRunner$1.evaluate(ParentRunner.java:173)
	at org.junit.internal.runners.statements.RunBefores.evaluate(RunBefores.java:28)
	at org.springframework.test.context.junit4.statements.RunBeforeTestClassCallbacks.evaluate(RunBeforeTestClassCallbacks.java:61)
	at org.junit.internal.runners.statements.RunAfters.evaluate(RunAfters.java:31)
	at org.springframework.test.context.junit4.statements.RunAfterTestClassCallbacks.evaluate(RunAfterTestClassCallbacks.java:70)
	at org.junit.runners.ParentRunner.run(ParentRunner.java:220)
	at org.springframework.test.context.junit4.SpringJUnit4ClassRunner.run(SpringJUnit4ClassRunner.java:180)
	at org.apache.maven.surefire.junit4.JUnit4TestSet.execute(JUnit4TestSet.java:62)
	at org.apache.maven.surefire.suite.AbstractDirectoryTestSuite.executeTestSet(AbstractDirectoryTestSuite.java:140)
	at org.apache.maven.surefire.suite.AbstractDirectoryTestSuite.execute(AbstractDirectoryTestSuite.java:127)
	at org.apache.maven.surefire.Surefire.run(Surefire.java:177)
	at sun.reflect.NativeMethodAccessorImpl.invoke0(Native Method)
	at sun.reflect.NativeMethodAccessorImpl.invoke(NativeMethodAccessorImpl.java:39)
	at sun.reflect.DelegatingMethodAccessorImpl.invoke(DelegatingMethodAccessorImpl.java:25)
	at java.lang.reflect.Method.invoke(Method.java:597)
	at org.apache.maven.surefire.booter.SurefireBooter.runSuitesInProcess(SurefireBooter.java:345)
	at org.apache.maven.surefire.booter.SurefireBooter.main(SurefireBooter.java:1009)
Caused by: org.hibernate.exception.SQLGrammarException: could not execute query
	at org.hibernate.exception.SQLStateConverter.convert(SQLStateConverter.java:92)
	at org.hibernate.exception.JDBCExceptionHelper.convert(JDBCExceptionHelper.java:66)
	at org.hibernate.loader.Loader.doList(Loader.java:2536)
	at org.hibernate.loader.Loader.listIgnoreQueryCache(Loader.java:2276)
	at org.hibernate.loader.Loader.list(Loader.java:2271)
	at org.hibernate.loader.hql.QueryLoader.list(QueryLoader.java:452)
	at org.hibernate.hql.ast.QueryTranslatorImpl.list(QueryTranslatorImpl.java:363)
	at org.hibernate.engine.query.HQLQueryPlan.performList(HQLQueryPlan.java:196)
	at org.hibernate.impl.SessionImpl.list(SessionImpl.java:1268)
	at org.hibernate.impl.QueryImpl.list(QueryImpl.java:102)
	at org.springframework.orm.hibernate3.HibernateTemplate$30.doInHibernate(HibernateTemplate.java:921)
	at org.springframework.orm.hibernate3.HibernateTemplate$30.doInHibernate(HibernateTemplate.java:1)
	at org.springframework.orm.hibernate3.HibernateTemplate.doExecute(HibernateTemplate.java:406)
	... 68 more
Caused by: com.mysql.jdbc.exceptions.jdbc4.MySQLSyntaxErrorException: Table &apos;quanti.app_user&apos; doesn&apos;t exist
	at sun.reflect.NativeConstructorAccessorImpl.newInstance0(Native Method)
	at sun.reflect.NativeConstructorAccessorImpl.newInstance(NativeConstructorAccessorImpl.java:39)
	at sun.reflect.DelegatingConstructorAccessorImpl.newInstance(DelegatingConstructorAccessorImpl.java:27)
	at java.lang.reflect.Constructor.newInstance(Constructor.java:513)
	at com.mysql.jdbc.Util.handleNewInstance(Util.java:407)
	at com.mysql.jdbc.Util.getInstance(Util.java:382)
	at com.mysql.jdbc.SQLError.createSQLException(SQLError.java:1052)
	at com.mysql.jdbc.MysqlIO.checkErrorPacket(MysqlIO.java:3593)
	at com.mysql.jdbc.MysqlIO.checkErrorPacket(MysqlIO.java:3525)
	at com.mysql.jdbc.MysqlIO.sendCommand(MysqlIO.java:1986)
	at com.mysql.jdbc.MysqlIO.sqlQueryDirect(MysqlIO.java:2140)
	at com.mysql.jdbc.ConnectionImpl.execSQL(ConnectionImpl.java:2626)
	at com.mysql.jdbc.PreparedStatement.executeInternal(PreparedStatement.java:2111)
	at com.mysql.jdbc.PreparedStatement.executeQuery(PreparedStatement.java:2273)
	at org.apache.commons.dbcp.DelegatingPreparedStatement.executeQuery(DelegatingPreparedStatement.java:96)
	at org.apache.commons.dbcp.DelegatingPreparedStatement.executeQuery(DelegatingPreparedStatement.java:96)
	at org.apache.commons.dbcp.DelegatingPreparedStatement.executeQuery(DelegatingPreparedStatement.java:96)
	at org.hibernate.jdbc.AbstractBatcher.getResultSet(AbstractBatcher.java:208)
	at org.hibernate.loader.Loader.getResultSet(Loader.java:1953)
	at org.hibernate.loader.Loader.doQuery(Loader.java:802)
	at org.hibernate.loader.Loader.doQueryAndInitializeNonLazyCollections(Loader.java:274)
	at org.hibernate.loader.Loader.doList(Loader.java:2533)
	... 78 more
</error>
  </testcase>
  <testcase time="0.172" classname="com.quanti.webapp.action.UserActionTest" name="testListUsers">
    <error message="could not execute query; SQL [select this_.id as id0_1_, this_.account_expired as account2_0_1_, this_.account_locked as account3_0_1_, this_.address as address0_1_, this_.city as city0_1_, this_.country as country0_1_, this_.postal_code as postal7_0_1_, this_.province as province0_1_, this_.credentials_expired as credenti9_0_1_, this_.email as email0_1_, this_.account_enabled as account11_0_1_, this_.first_name as first12_0_1_, this_.last_name as last13_0_1_, this_.password as password0_1_, this_.password_hint as password15_0_1_, this_.phone_number as phone16_0_1_, this_.username as username0_1_, this_.version as version0_1_, this_.website as website0_1_, roles2_.user_id as user1_0_3_, role3_.id as role2_3_, role3_.id as id1_0_, role3_.description as descript2_1_0_, role3_.name as name1_0_ from app_user this_ left outer join user_role roles2_ on this_.id=roles2_.user_id left outer join role role3_ on roles2_.role_id=role3_.id]; nested exception is org.hibernate.exception.SQLGrammarException: could not execute query" type="org.springframework.dao.InvalidDataAccessResourceUsageException">org.springframework.dao.InvalidDataAccessResourceUsageException: could not execute query; SQL [select this_.id as id0_1_, this_.account_expired as account2_0_1_, this_.account_locked as account3_0_1_, this_.address as address0_1_, this_.city as city0_1_, this_.country as country0_1_, this_.postal_code as postal7_0_1_, this_.province as province0_1_, this_.credentials_expired as credenti9_0_1_, this_.email as email0_1_, this_.account_enabled as account11_0_1_, this_.first_name as first12_0_1_, this_.last_name as last13_0_1_, this_.password as password0_1_, this_.password_hint as password15_0_1_, this_.phone_number as phone16_0_1_, this_.username as username0_1_, this_.version as version0_1_, this_.website as website0_1_, roles2_.user_id as user1_0_3_, role3_.id as role2_3_, role3_.id as id1_0_, role3_.description as descript2_1_0_, role3_.name as name1_0_ from app_user this_ left outer join user_role roles2_ on this_.id=roles2_.user_id left outer join role role3_ on roles2_.role_id=role3_.id]; nested exception is org.hibernate.exception.SQLGrammarException: could not execute query
	at org.springframework.orm.hibernate3.SessionFactoryUtils.convertHibernateAccessException(SessionFactoryUtils.java:629)
	at org.springframework.orm.hibernate3.HibernateAccessor.convertHibernateAccessException(HibernateAccessor.java:412)
	at org.springframework.orm.hibernate3.HibernateTemplate.doExecute(HibernateTemplate.java:411)
	at org.springframework.orm.hibernate3.HibernateTemplate.executeWithNativeSession(HibernateTemplate.java:374)
	at org.springframework.orm.hibernate3.HibernateTemplate.loadAll(HibernateTemplate.java:584)
	at com.quanti.dao.hibernate.GenericDaoHibernate.getAll(GenericDaoHibernate.java:86)
	at sun.reflect.NativeMethodAccessorImpl.invoke0(Native Method)
	at sun.reflect.NativeMethodAccessorImpl.invoke(NativeMethodAccessorImpl.java:39)
	at sun.reflect.DelegatingMethodAccessorImpl.invoke(DelegatingMethodAccessorImpl.java:25)
	at java.lang.reflect.Method.invoke(Method.java:597)
	at org.springframework.aop.support.AopUtils.invokeJoinpointUsingReflection(AopUtils.java:309)
	at org.springframework.aop.framework.ReflectiveMethodInvocation.invokeJoinpoint(ReflectiveMethodInvocation.java:183)
	at org.springframework.aop.framework.ReflectiveMethodInvocation.proceed(ReflectiveMethodInvocation.java:150)
	at org.springframework.dao.support.PersistenceExceptionTranslationInterceptor.invoke(PersistenceExceptionTranslationInterceptor.java:155)
	at org.springframework.aop.framework.ReflectiveMethodInvocation.proceed(ReflectiveMethodInvocation.java:172)
	at org.springframework.aop.framework.JdkDynamicAopProxy.invoke(JdkDynamicAopProxy.java:202)
	at $Proxy44.getAll(Unknown Source)
	at com.quanti.service.impl.GenericManagerImpl.getAll(GenericManagerImpl.java:76)
	at com.quanti.service.impl.GenericManagerImpl.search(GenericManagerImpl.java:115)
	at com.quanti.service.impl.UserManagerImpl.search(UserManagerImpl.java:128)
	at sun.reflect.NativeMethodAccessorImpl.invoke0(Native Method)
	at sun.reflect.NativeMethodAccessorImpl.invoke(NativeMethodAccessorImpl.java:39)
	at sun.reflect.DelegatingMethodAccessorImpl.invoke(DelegatingMethodAccessorImpl.java:25)
	at java.lang.reflect.Method.invoke(Method.java:597)
	at org.springframework.aop.support.AopUtils.invokeJoinpointUsingReflection(AopUtils.java:309)
	at org.springframework.aop.framework.ReflectiveMethodInvocation.invokeJoinpoint(ReflectiveMethodInvocation.java:183)
	at org.springframework.aop.framework.ReflectiveMethodInvocation.proceed(ReflectiveMethodInvocation.java:150)
	at org.springframework.transaction.interceptor.TransactionInterceptor.invoke(TransactionInterceptor.java:110)
	at org.springframework.aop.framework.ReflectiveMethodInvocation.proceed(ReflectiveMethodInvocation.java:172)
	at org.springframework.transaction.interceptor.TransactionInterceptor.invoke(TransactionInterceptor.java:110)
	at org.springframework.aop.framework.ReflectiveMethodInvocation.proceed(ReflectiveMethodInvocation.java:172)
	at org.springframework.aop.interceptor.ExposeInvocationInterceptor.invoke(ExposeInvocationInterceptor.java:89)
	at org.springframework.aop.framework.ReflectiveMethodInvocation.proceed(ReflectiveMethodInvocation.java:172)
	at org.springframework.aop.framework.JdkDynamicAopProxy.invoke(JdkDynamicAopProxy.java:202)
	at $Proxy48.search(Unknown Source)
	at com.quanti.webapp.action.UserAction.list(UserAction.java:229)
	at com.quanti.webapp.action.UserActionTest.testListUsers(UserActionTest.java:88)
	at sun.reflect.NativeMethodAccessorImpl.invoke0(Native Method)
	at sun.reflect.NativeMethodAccessorImpl.invoke(NativeMethodAccessorImpl.java:39)
	at sun.reflect.DelegatingMethodAccessorImpl.invoke(DelegatingMethodAccessorImpl.java:25)
	at java.lang.reflect.Method.invoke(Method.java:597)
	at org.junit.runners.model.FrameworkMethod$1.runReflectiveCall(FrameworkMethod.java:44)
	at org.junit.internal.runners.model.ReflectiveCallable.run(ReflectiveCallable.java:15)
	at org.junit.runners.model.FrameworkMethod.invokeExplosively(FrameworkMethod.java:41)
	at org.junit.internal.runners.statements.InvokeMethod.evaluate(InvokeMethod.java:20)
	at org.junit.internal.runners.statements.RunBefores.evaluate(RunBefores.java:28)
	at org.springframework.test.context.junit4.statements.RunBeforeTestMethodCallbacks.evaluate(RunBeforeTestMethodCallbacks.java:74)
	at org.junit.internal.runners.statements.RunAfters.evaluate(RunAfters.java:31)
	at org.springframework.test.context.junit4.statements.RunAfterTestMethodCallbacks.evaluate(RunAfterTestMethodCallbacks.java:82)
	at org.springframework.test.context.junit4.statements.SpringRepeat.evaluate(SpringRepeat.java:72)
	at org.springframework.test.context.junit4.SpringJUnit4ClassRunner.runChild(SpringJUnit4ClassRunner.java:240)
	at org.junit.runners.BlockJUnit4ClassRunner.runChild(BlockJUnit4ClassRunner.java:46)
	at org.junit.runners.ParentRunner.runChildren(ParentRunner.java:180)
	at org.junit.runners.ParentRunner.access$000(ParentRunner.java:41)
	at org.junit.runners.ParentRunner$1.evaluate(ParentRunner.java:173)
	at org.junit.internal.runners.statements.RunBefores.evaluate(RunBefores.java:28)
	at org.springframework.test.context.junit4.statements.RunBeforeTestClassCallbacks.evaluate(RunBeforeTestClassCallbacks.java:61)
	at org.junit.internal.runners.statements.RunAfters.evaluate(RunAfters.java:31)
	at org.springframework.test.context.junit4.statements.RunAfterTestClassCallbacks.evaluate(RunAfterTestClassCallbacks.java:70)
	at org.junit.runners.ParentRunner.run(ParentRunner.java:220)
	at org.springframework.test.context.junit4.SpringJUnit4ClassRunner.run(SpringJUnit4ClassRunner.java:180)
	at org.apache.maven.surefire.junit4.JUnit4TestSet.execute(JUnit4TestSet.java:62)
	at org.apache.maven.surefire.suite.AbstractDirectoryTestSuite.executeTestSet(AbstractDirectoryTestSuite.java:140)
	at org.apache.maven.surefire.suite.AbstractDirectoryTestSuite.execute(AbstractDirectoryTestSuite.java:127)
	at org.apache.maven.surefire.Surefire.run(Surefire.java:177)
	at sun.reflect.NativeMethodAccessorImpl.invoke0(Native Method)
	at sun.reflect.NativeMethodAccessorImpl.invoke(NativeMethodAccessorImpl.java:39)
	at sun.reflect.DelegatingMethodAccessorImpl.invoke(DelegatingMethodAccessorImpl.java:25)
	at java.lang.reflect.Method.invoke(Method.java:597)
	at org.apache.maven.surefire.booter.SurefireBooter.runSuitesInProcess(SurefireBooter.java:345)
	at org.apache.maven.surefire.booter.SurefireBooter.main(SurefireBooter.java:1009)
Caused by: org.hibernate.exception.SQLGrammarException: could not execute query
	at org.hibernate.exception.SQLStateConverter.convert(SQLStateConverter.java:92)
	at org.hibernate.exception.JDBCExceptionHelper.convert(JDBCExceptionHelper.java:66)
	at org.hibernate.loader.Loader.doList(Loader.java:2536)
	at org.hibernate.loader.Loader.listIgnoreQueryCache(Loader.java:2276)
	at org.hibernate.loader.Loader.list(Loader.java:2271)
	at org.hibernate.loader.criteria.CriteriaLoader.list(CriteriaLoader.java:119)
	at org.hibernate.impl.SessionImpl.list(SessionImpl.java:1716)
	at org.hibernate.impl.CriteriaImpl.list(CriteriaImpl.java:347)
	at org.springframework.orm.hibernate3.HibernateTemplate$5.doInHibernate(HibernateTemplate.java:590)
	at org.springframework.orm.hibernate3.HibernateTemplate$5.doInHibernate(HibernateTemplate.java:1)
	at org.springframework.orm.hibernate3.HibernateTemplate.doExecute(HibernateTemplate.java:406)
	... 68 more
Caused by: com.mysql.jdbc.exceptions.jdbc4.MySQLSyntaxErrorException: Table &apos;quanti.app_user&apos; doesn&apos;t exist
	at sun.reflect.NativeConstructorAccessorImpl.newInstance0(Native Method)
	at sun.reflect.NativeConstructorAccessorImpl.newInstance(NativeConstructorAccessorImpl.java:39)
	at sun.reflect.DelegatingConstructorAccessorImpl.newInstance(DelegatingConstructorAccessorImpl.java:27)
	at java.lang.reflect.Constructor.newInstance(Constructor.java:513)
	at com.mysql.jdbc.Util.handleNewInstance(Util.java:407)
	at com.mysql.jdbc.Util.getInstance(Util.java:382)
	at com.mysql.jdbc.SQLError.createSQLException(SQLError.java:1052)
	at com.mysql.jdbc.MysqlIO.checkErrorPacket(MysqlIO.java:3593)
	at com.mysql.jdbc.MysqlIO.checkErrorPacket(MysqlIO.java:3525)
	at com.mysql.jdbc.MysqlIO.sendCommand(MysqlIO.java:1986)
	at com.mysql.jdbc.MysqlIO.sqlQueryDirect(MysqlIO.java:2140)
	at com.mysql.jdbc.ConnectionImpl.execSQL(ConnectionImpl.java:2626)
	at com.mysql.jdbc.PreparedStatement.executeInternal(PreparedStatement.java:2111)
	at com.mysql.jdbc.PreparedStatement.executeQuery(PreparedStatement.java:2273)
	at org.apache.commons.dbcp.DelegatingPreparedStatement.executeQuery(DelegatingPreparedStatement.java:96)
	at org.apache.commons.dbcp.DelegatingPreparedStatement.executeQuery(DelegatingPreparedStatement.java:96)
	at org.apache.commons.dbcp.DelegatingPreparedStatement.executeQuery(DelegatingPreparedStatement.java:96)
	at org.hibernate.jdbc.AbstractBatcher.getResultSet(AbstractBatcher.java:208)
	at org.hibernate.loader.Loader.getResultSet(Loader.java:1953)
	at org.hibernate.loader.Loader.doQuery(Loader.java:802)
	at org.hibernate.loader.Loader.doQueryAndInitializeNonLazyCollections(Loader.java:274)
	at org.hibernate.loader.Loader.doList(Loader.java:2533)
	... 76 more
</error>
  </testcase>
  <testcase time="0.023" classname="com.quanti.webapp.action.UserActionTest" name="testRemove">
    <error message="could not load an entity: [com.quanti.model.app.User#-2]; SQL [select user0_.id as id0_1_, user0_.account_expired as account2_0_1_, user0_.account_locked as account3_0_1_, user0_.address as address0_1_, user0_.city as city0_1_, user0_.country as country0_1_, user0_.postal_code as postal7_0_1_, user0_.province as province0_1_, user0_.credentials_expired as credenti9_0_1_, user0_.email as email0_1_, user0_.account_enabled as account11_0_1_, user0_.first_name as first12_0_1_, user0_.last_name as last13_0_1_, user0_.password as password0_1_, user0_.password_hint as password15_0_1_, user0_.phone_number as phone16_0_1_, user0_.username as username0_1_, user0_.version as version0_1_, user0_.website as website0_1_, roles1_.user_id as user1_0_3_, role2_.id as role2_3_, role2_.id as id1_0_, role2_.description as descript2_1_0_, role2_.name as name1_0_ from app_user user0_ left outer join user_role roles1_ on user0_.id=roles1_.user_id left outer join role role2_ on roles1_.role_id=role2_.id where user0_.id=?]; nested exception is org.hibernate.exception.SQLGrammarException: could not load an entity: [com.quanti.model.app.User#-2]" type="org.springframework.dao.InvalidDataAccessResourceUsageException">org.springframework.dao.InvalidDataAccessResourceUsageException: could not load an entity: [com.quanti.model.app.User#-2]; SQL [select user0_.id as id0_1_, user0_.account_expired as account2_0_1_, user0_.account_locked as account3_0_1_, user0_.address as address0_1_, user0_.city as city0_1_, user0_.country as country0_1_, user0_.postal_code as postal7_0_1_, user0_.province as province0_1_, user0_.credentials_expired as credenti9_0_1_, user0_.email as email0_1_, user0_.account_enabled as account11_0_1_, user0_.first_name as first12_0_1_, user0_.last_name as last13_0_1_, user0_.password as password0_1_, user0_.password_hint as password15_0_1_, user0_.phone_number as phone16_0_1_, user0_.username as username0_1_, user0_.version as version0_1_, user0_.website as website0_1_, roles1_.user_id as user1_0_3_, role2_.id as role2_3_, role2_.id as id1_0_, role2_.description as descript2_1_0_, role2_.name as name1_0_ from app_user user0_ left outer join user_role roles1_ on user0_.id=roles1_.user_id left outer join role role2_ on roles1_.role_id=role2_.id where user0_.id=?]; nested exception is org.hibernate.exception.SQLGrammarException: could not load an entity: [com.quanti.model.app.User#-2]
	at org.springframework.orm.hibernate3.SessionFactoryUtils.convertHibernateAccessException(SessionFactoryUtils.java:629)
	at org.springframework.orm.hibernate3.HibernateAccessor.convertHibernateAccessException(HibernateAccessor.java:412)
	at org.springframework.orm.hibernate3.HibernateTemplate.doExecute(HibernateTemplate.java:411)
	at org.springframework.orm.hibernate3.HibernateTemplate.executeWithNativeSession(HibernateTemplate.java:374)
	at org.springframework.orm.hibernate3.HibernateTemplate.get(HibernateTemplate.java:512)
	at org.springframework.orm.hibernate3.HibernateTemplate.get(HibernateTemplate.java:506)
	at com.quanti.dao.hibernate.GenericDaoHibernate.get(GenericDaoHibernate.java:103)
	at com.quanti.dao.hibernate.GenericDaoHibernate.remove(GenericDaoHibernate.java:134)
	at sun.reflect.NativeMethodAccessorImpl.invoke0(Native Method)
	at sun.reflect.NativeMethodAccessorImpl.invoke(NativeMethodAccessorImpl.java:39)
	at sun.reflect.DelegatingMethodAccessorImpl.invoke(DelegatingMethodAccessorImpl.java:25)
	at java.lang.reflect.Method.invoke(Method.java:597)
	at org.springframework.aop.support.AopUtils.invokeJoinpointUsingReflection(AopUtils.java:309)
	at org.springframework.aop.framework.ReflectiveMethodInvocation.invokeJoinpoint(ReflectiveMethodInvocation.java:183)
	at org.springframework.aop.framework.ReflectiveMethodInvocation.proceed(ReflectiveMethodInvocation.java:150)
	at org.springframework.dao.support.PersistenceExceptionTranslationInterceptor.invoke(PersistenceExceptionTranslationInterceptor.java:155)
	at org.springframework.aop.framework.ReflectiveMethodInvocation.proceed(ReflectiveMethodInvocation.java:172)
	at org.springframework.aop.framework.JdkDynamicAopProxy.invoke(JdkDynamicAopProxy.java:202)
	at $Proxy44.remove(Unknown Source)
	at com.quanti.service.impl.UserManagerImpl.removeUser(UserManagerImpl.java:110)
	at sun.reflect.NativeMethodAccessorImpl.invoke0(Native Method)
	at sun.reflect.NativeMethodAccessorImpl.invoke(NativeMethodAccessorImpl.java:39)
	at sun.reflect.DelegatingMethodAccessorImpl.invoke(DelegatingMethodAccessorImpl.java:25)
	at java.lang.reflect.Method.invoke(Method.java:597)
	at org.springframework.aop.support.AopUtils.invokeJoinpointUsingReflection(AopUtils.java:309)
	at org.springframework.aop.framework.ReflectiveMethodInvocation.invokeJoinpoint(ReflectiveMethodInvocation.java:183)
	at org.springframework.aop.framework.ReflectiveMethodInvocation.proceed(ReflectiveMethodInvocation.java:150)
	at org.springframework.transaction.interceptor.TransactionInterceptor.invoke(TransactionInterceptor.java:110)
	at org.springframework.aop.framework.ReflectiveMethodInvocation.proceed(ReflectiveMethodInvocation.java:172)
	at org.springframework.transaction.interceptor.TransactionInterceptor.invoke(TransactionInterceptor.java:110)
	at org.springframework.aop.framework.ReflectiveMethodInvocation.proceed(ReflectiveMethodInvocation.java:172)
	at org.springframework.aop.interceptor.ExposeInvocationInterceptor.invoke(ExposeInvocationInterceptor.java:89)
	at org.springframework.aop.framework.ReflectiveMethodInvocation.proceed(ReflectiveMethodInvocation.java:172)
	at org.springframework.aop.framework.JdkDynamicAopProxy.invoke(JdkDynamicAopProxy.java:202)
	at $Proxy48.removeUser(Unknown Source)
	at com.quanti.webapp.action.UserAction.delete(UserAction.java:75)
	at com.quanti.webapp.action.UserActionTest.testRemove(UserActionTest.java:98)
	at sun.reflect.NativeMethodAccessorImpl.invoke0(Native Method)
	at sun.reflect.NativeMethodAccessorImpl.invoke(NativeMethodAccessorImpl.java:39)
	at sun.reflect.DelegatingMethodAccessorImpl.invoke(DelegatingMethodAccessorImpl.java:25)
	at java.lang.reflect.Method.invoke(Method.java:597)
	at org.junit.runners.model.FrameworkMethod$1.runReflectiveCall(FrameworkMethod.java:44)
	at org.junit.internal.runners.model.ReflectiveCallable.run(ReflectiveCallable.java:15)
	at org.junit.runners.model.FrameworkMethod.invokeExplosively(FrameworkMethod.java:41)
	at org.junit.internal.runners.statements.InvokeMethod.evaluate(InvokeMethod.java:20)
	at org.junit.internal.runners.statements.RunBefores.evaluate(RunBefores.java:28)
	at org.springframework.test.context.junit4.statements.RunBeforeTestMethodCallbacks.evaluate(RunBeforeTestMethodCallbacks.java:74)
	at org.junit.internal.runners.statements.RunAfters.evaluate(RunAfters.java:31)
	at org.springframework.test.context.junit4.statements.RunAfterTestMethodCallbacks.evaluate(RunAfterTestMethodCallbacks.java:82)
	at org.springframework.test.context.junit4.statements.SpringRepeat.evaluate(SpringRepeat.java:72)
	at org.springframework.test.context.junit4.SpringJUnit4ClassRunner.runChild(SpringJUnit4ClassRunner.java:240)
	at org.junit.runners.BlockJUnit4ClassRunner.runChild(BlockJUnit4ClassRunner.java:46)
	at org.junit.runners.ParentRunner.runChildren(ParentRunner.java:180)
	at org.junit.runners.ParentRunner.access$000(ParentRunner.java:41)
	at org.junit.runners.ParentRunner$1.evaluate(ParentRunner.java:173)
	at org.junit.internal.runners.statements.RunBefores.evaluate(RunBefores.java:28)
	at org.springframework.test.context.junit4.statements.RunBeforeTestClassCallbacks.evaluate(RunBeforeTestClassCallbacks.java:61)
	at org.junit.internal.runners.statements.RunAfters.evaluate(RunAfters.java:31)
	at org.springframework.test.context.junit4.statements.RunAfterTestClassCallbacks.evaluate(RunAfterTestClassCallbacks.java:70)
	at org.junit.runners.ParentRunner.run(ParentRunner.java:220)
	at org.springframework.test.context.junit4.SpringJUnit4ClassRunner.run(SpringJUnit4ClassRunner.java:180)
	at org.apache.maven.surefire.junit4.JUnit4TestSet.execute(JUnit4TestSet.java:62)
	at org.apache.maven.surefire.suite.AbstractDirectoryTestSuite.executeTestSet(AbstractDirectoryTestSuite.java:140)
	at org.apache.maven.surefire.suite.AbstractDirectoryTestSuite.execute(AbstractDirectoryTestSuite.java:127)
	at org.apache.maven.surefire.Surefire.run(Surefire.java:177)
	at sun.reflect.NativeMethodAccessorImpl.invoke0(Native Method)
	at sun.reflect.NativeMethodAccessorImpl.invoke(NativeMethodAccessorImpl.java:39)
	at sun.reflect.DelegatingMethodAccessorImpl.invoke(DelegatingMethodAccessorImpl.java:25)
	at java.lang.reflect.Method.invoke(Method.java:597)
	at org.apache.maven.surefire.booter.SurefireBooter.runSuitesInProcess(SurefireBooter.java:345)
	at org.apache.maven.surefire.booter.SurefireBooter.main(SurefireBooter.java:1009)
Caused by: org.hibernate.exception.SQLGrammarException: could not load an entity: [com.quanti.model.app.User#-2]
	at org.hibernate.exception.SQLStateConverter.convert(SQLStateConverter.java:92)
	at org.hibernate.exception.JDBCExceptionHelper.convert(JDBCExceptionHelper.java:66)
	at org.hibernate.loader.Loader.loadEntity(Loader.java:2041)
	at org.hibernate.loader.entity.AbstractEntityLoader.load(AbstractEntityLoader.java:86)
	at org.hibernate.loader.entity.AbstractEntityLoader.load(AbstractEntityLoader.java:76)
	at org.hibernate.persister.entity.AbstractEntityPersister.load(AbstractEntityPersister.java:3293)
	at org.hibernate.event.def.DefaultLoadEventListener.loadFromDatasource(DefaultLoadEventListener.java:496)
	at org.hibernate.event.def.DefaultLoadEventListener.doLoad(DefaultLoadEventListener.java:477)
	at org.hibernate.event.def.DefaultLoadEventListener.load(DefaultLoadEventListener.java:227)
	at org.hibernate.event.def.DefaultLoadEventListener.proxyOrLoad(DefaultLoadEventListener.java:285)
	at org.hibernate.event.def.DefaultLoadEventListener.onLoad(DefaultLoadEventListener.java:152)
	at org.hibernate.impl.SessionImpl.fireLoad(SessionImpl.java:1090)
	at org.hibernate.impl.SessionImpl.get(SessionImpl.java:1005)
	at org.hibernate.impl.SessionImpl.get(SessionImpl.java:998)
	at org.springframework.orm.hibernate3.HibernateTemplate$1.doInHibernate(HibernateTemplate.java:519)
	at org.springframework.orm.hibernate3.HibernateTemplate.doExecute(HibernateTemplate.java:406)
	... 68 more
Caused by: com.mysql.jdbc.exceptions.jdbc4.MySQLSyntaxErrorException: Table &apos;quanti.app_user&apos; doesn&apos;t exist
	at sun.reflect.NativeConstructorAccessorImpl.newInstance0(Native Method)
	at sun.reflect.NativeConstructorAccessorImpl.newInstance(NativeConstructorAccessorImpl.java:39)
	at sun.reflect.DelegatingConstructorAccessorImpl.newInstance(DelegatingConstructorAccessorImpl.java:27)
	at java.lang.reflect.Constructor.newInstance(Constructor.java:513)
	at com.mysql.jdbc.Util.handleNewInstance(Util.java:407)
	at com.mysql.jdbc.Util.getInstance(Util.java:382)
	at com.mysql.jdbc.SQLError.createSQLException(SQLError.java:1052)
	at com.mysql.jdbc.MysqlIO.checkErrorPacket(MysqlIO.java:3593)
	at com.mysql.jdbc.MysqlIO.checkErrorPacket(MysqlIO.java:3525)
	at com.mysql.jdbc.MysqlIO.sendCommand(MysqlIO.java:1986)
	at com.mysql.jdbc.MysqlIO.sqlQueryDirect(MysqlIO.java:2140)
	at com.mysql.jdbc.ConnectionImpl.execSQL(ConnectionImpl.java:2626)
	at com.mysql.jdbc.PreparedStatement.executeInternal(PreparedStatement.java:2111)
	at com.mysql.jdbc.PreparedStatement.executeQuery(PreparedStatement.java:2273)
	at org.apache.commons.dbcp.DelegatingPreparedStatement.executeQuery(DelegatingPreparedStatement.java:96)
	at org.apache.commons.dbcp.DelegatingPreparedStatement.executeQuery(DelegatingPreparedStatement.java:96)
	at org.apache.commons.dbcp.DelegatingPreparedStatement.executeQuery(DelegatingPreparedStatement.java:96)
	at org.hibernate.jdbc.AbstractBatcher.getResultSet(AbstractBatcher.java:208)
	at org.hibernate.loader.Loader.getResultSet(Loader.java:1953)
	at org.hibernate.loader.Loader.doQuery(Loader.java:802)
	at org.hibernate.loader.Loader.doQueryAndInitializeNonLazyCollections(Loader.java:274)
	at org.hibernate.loader.Loader.loadEntity(Loader.java:2037)
	... 81 more
</error>
  </testcase>
  <testcase time="0.837" classname="com.quanti.webapp.action.UserActionTest" name="testSearch">
    <error message="Failed to index, execution exception; nested exception is java.util.concurrent.ExecutionException: org.compass.gps.device.hibernate.HibernateGpsDeviceException: {hibernate}: Failed to index the database; nested exception is org.hibernate.exception.SQLGrammarException: could not execute query using scroll" type="org.compass.gps.CompassGpsException">org.compass.gps.CompassGpsException: Failed to index, execution exception; nested exception is java.util.concurrent.ExecutionException: org.compass.gps.device.hibernate.HibernateGpsDeviceException: {hibernate}: Failed to index the database; nested exception is org.hibernate.exception.SQLGrammarException: could not execute query using scroll
java.util.concurrent.ExecutionException: org.compass.gps.device.hibernate.HibernateGpsDeviceException: {hibernate}: Failed to index the database; nested exception is org.hibernate.exception.SQLGrammarException: could not execute query using scroll
	at java.util.concurrent.FutureTask$Sync.innerGet(FutureTask.java:222)
	at java.util.concurrent.FutureTask.get(FutureTask.java:83)
	at org.compass.gps.device.support.parallel.ConcurrentParallelIndexExecutor.performIndex(ConcurrentParallelIndexExecutor.java:122)
	at org.compass.gps.device.support.parallel.AbstractParallelGpsDevice.index(AbstractParallelGpsDevice.java:119)
	at org.compass.gps.impl.DefaultReplaceIndexCallback.buildIndexIfNeeded(DefaultReplaceIndexCallback.java:42)
	at org.compass.core.lucene.engine.manager.DefaultLuceneSearchEngineIndexManager$ReplaceIndexOperationCallback.firstStep(DefaultLuceneSearchEngineIndexManager.java:281)
	at org.compass.core.lucene.engine.manager.DefaultLuceneSearchEngineIndexManager.doOperate(DefaultLuceneSearchEngineIndexManager.java:218)
	at org.compass.core.lucene.engine.manager.DefaultLuceneSearchEngineIndexManager.doReplaceIndex(DefaultLuceneSearchEngineIndexManager.java:266)
	at org.compass.core.lucene.engine.manager.DefaultLuceneSearchEngineIndexManager.replaceIndex(DefaultLuceneSearchEngineIndexManager.java:261)
	at org.compass.gps.impl.SingleCompassGps.doIndex(SingleCompassGps.java:118)
	at org.compass.gps.impl.AbstractCompassGps.index(AbstractCompassGps.java:154)
	at org.compass.gps.impl.AbstractCompassGps.index(AbstractCompassGps.java:128)
	at com.quanti.webapp.action.UserActionTest.testSearch(UserActionTest.java:104)
	at sun.reflect.NativeMethodAccessorImpl.invoke0(Native Method)
	at sun.reflect.NativeMethodAccessorImpl.invoke(NativeMethodAccessorImpl.java:39)
	at sun.reflect.DelegatingMethodAccessorImpl.invoke(DelegatingMethodAccessorImpl.java:25)
	at java.lang.reflect.Method.invoke(Method.java:597)
	at org.junit.runners.model.FrameworkMethod$1.runReflectiveCall(FrameworkMethod.java:44)
	at org.junit.internal.runners.model.ReflectiveCallable.run(ReflectiveCallable.java:15)
	at org.junit.runners.model.FrameworkMethod.invokeExplosively(FrameworkMethod.java:41)
	at org.junit.internal.runners.statements.InvokeMethod.evaluate(InvokeMethod.java:20)
	at org.junit.internal.runners.statements.RunBefores.evaluate(RunBefores.java:28)
	at org.springframework.test.context.junit4.statements.RunBeforeTestMethodCallbacks.evaluate(RunBeforeTestMethodCallbacks.java:74)
	at org.junit.internal.runners.statements.RunAfters.evaluate(RunAfters.java:31)
	at org.springframework.test.context.junit4.statements.RunAfterTestMethodCallbacks.evaluate(RunAfterTestMethodCallbacks.java:82)
	at org.springframework.test.context.junit4.statements.SpringRepeat.evaluate(SpringRepeat.java:72)
	at org.springframework.test.context.junit4.SpringJUnit4ClassRunner.runChild(SpringJUnit4ClassRunner.java:240)
	at org.junit.runners.BlockJUnit4ClassRunner.runChild(BlockJUnit4ClassRunner.java:46)
	at org.junit.runners.ParentRunner.runChildren(ParentRunner.java:180)
	at org.junit.runners.ParentRunner.access$000(ParentRunner.java:41)
	at org.junit.runners.ParentRunner$1.evaluate(ParentRunner.java:173)
	at org.junit.internal.runners.statements.RunBefores.evaluate(RunBefores.java:28)
	at org.springframework.test.context.junit4.statements.RunBeforeTestClassCallbacks.evaluate(RunBeforeTestClassCallbacks.java:61)
	at org.junit.internal.runners.statements.RunAfters.evaluate(RunAfters.java:31)
	at org.springframework.test.context.junit4.statements.RunAfterTestClassCallbacks.evaluate(RunAfterTestClassCallbacks.java:70)
	at org.junit.runners.ParentRunner.run(ParentRunner.java:220)
	at org.springframework.test.context.junit4.SpringJUnit4ClassRunner.run(SpringJUnit4ClassRunner.java:180)
	at org.apache.maven.surefire.junit4.JUnit4TestSet.execute(JUnit4TestSet.java:62)
	at org.apache.maven.surefire.suite.AbstractDirectoryTestSuite.executeTestSet(AbstractDirectoryTestSuite.java:140)
	at org.apache.maven.surefire.suite.AbstractDirectoryTestSuite.execute(AbstractDirectoryTestSuite.java:127)
	at org.apache.maven.surefire.Surefire.run(Surefire.java:177)
	at sun.reflect.NativeMethodAccessorImpl.invoke0(Native Method)
	at sun.reflect.NativeMethodAccessorImpl.invoke(NativeMethodAccessorImpl.java:39)
	at sun.reflect.DelegatingMethodAccessorImpl.invoke(DelegatingMethodAccessorImpl.java:25)
	at java.lang.reflect.Method.invoke(Method.java:597)
	at org.apache.maven.surefire.booter.SurefireBooter.runSuitesInProcess(SurefireBooter.java:345)
	at org.apache.maven.surefire.booter.SurefireBooter.main(SurefireBooter.java:1009)
Caused by: org.compass.gps.device.hibernate.HibernateGpsDeviceException: {hibernate}: Failed to index the database; nested exception is org.hibernate.exception.SQLGrammarException: could not execute query using scroll
	at org.compass.gps.device.hibernate.indexer.ScrollableHibernateIndexEntitiesIndexer.performIndex(ScrollableHibernateIndexEntitiesIndexer.java:172)
	at org.compass.gps.device.support.parallel.ConcurrentParallelIndexExecutor$1$1.doInCompassWithoutResult(ConcurrentParallelIndexExecutor.java:104)
	at org.compass.core.CompassCallbackWithoutResult.doInCompass(CompassCallbackWithoutResult.java:29)
	at org.compass.core.CompassTemplate.execute(CompassTemplate.java:133)
	at org.compass.gps.impl.SingleCompassGps.executeForIndex(SingleCompassGps.java:147)
	at org.compass.gps.device.support.parallel.ConcurrentParallelIndexExecutor$1.call(ConcurrentParallelIndexExecutor.java:102)
	at java.util.concurrent.FutureTask$Sync.innerRun(FutureTask.java:303)
	at java.util.concurrent.FutureTask.run(FutureTask.java:138)
	at java.util.concurrent.ThreadPoolExecutor$Worker.runTask(ThreadPoolExecutor.java:886)
	at java.util.concurrent.ThreadPoolExecutor$Worker.run(ThreadPoolExecutor.java:908)
	at java.lang.Thread.run(Thread.java:680)
Caused by: org.hibernate.exception.SQLGrammarException: could not execute query using scroll
	at org.hibernate.exception.SQLStateConverter.convert(SQLStateConverter.java:92)
	at org.hibernate.exception.JDBCExceptionHelper.convert(JDBCExceptionHelper.java:66)
	at org.hibernate.loader.Loader.scroll(Loader.java:2641)
	at org.hibernate.loader.criteria.CriteriaLoader.scroll(CriteriaLoader.java:114)
	at org.hibernate.impl.SessionImpl.scroll(SessionImpl.java:1680)
	at org.hibernate.impl.CriteriaImpl.scroll(CriteriaImpl.java:361)
	at org.compass.gps.device.hibernate.indexer.ScrollableHibernateIndexEntitiesIndexer.performIndex(ScrollableHibernateIndexEntitiesIndexer.java:118)
	... 10 more
Caused by: com.mysql.jdbc.exceptions.jdbc4.MySQLSyntaxErrorException: Table &apos;quanti.app_user&apos; doesn&apos;t exist
	at sun.reflect.NativeConstructorAccessorImpl.newInstance0(Native Method)
	at sun.reflect.NativeConstructorAccessorImpl.newInstance(NativeConstructorAccessorImpl.java:39)
	at sun.reflect.DelegatingConstructorAccessorImpl.newInstance(DelegatingConstructorAccessorImpl.java:27)
	at java.lang.reflect.Constructor.newInstance(Constructor.java:513)
	at com.mysql.jdbc.Util.handleNewInstance(Util.java:407)
	at com.mysql.jdbc.Util.getInstance(Util.java:382)
	at com.mysql.jdbc.SQLError.createSQLException(SQLError.java:1052)
	at com.mysql.jdbc.MysqlIO.checkErrorPacket(MysqlIO.java:3593)
	at com.mysql.jdbc.MysqlIO.checkErrorPacket(MysqlIO.java:3525)
	at com.mysql.jdbc.MysqlIO.sendCommand(MysqlIO.java:1986)
	at com.mysql.jdbc.MysqlIO.sqlQueryDirect(MysqlIO.java:2140)
	at com.mysql.jdbc.ConnectionImpl.execSQL(ConnectionImpl.java:2626)
	at com.mysql.jdbc.PreparedStatement.executeInternal(PreparedStatement.java:2111)
	at com.mysql.jdbc.PreparedStatement.executeQuery(PreparedStatement.java:2273)
	at org.apache.commons.dbcp.DelegatingPreparedStatement.executeQuery(DelegatingPreparedStatement.java:96)
	at org.apache.commons.dbcp.DelegatingPreparedStatement.executeQuery(DelegatingPreparedStatement.java:96)
	at org.apache.commons.dbcp.DelegatingPreparedStatement.executeQuery(DelegatingPreparedStatement.java:96)
	at org.hibernate.jdbc.AbstractBatcher.getResultSet(AbstractBatcher.java:208)
	at org.hibernate.loader.Loader.getResultSet(Loader.java:1953)
	at org.hibernate.loader.Loader.scroll(Loader.java:2606)
	... 14 more
</error>
  </testcase>
</testsuite>